2019-07-10 10:29:02.939 [main] INFO  c.s.u.e.Test Caller+0	 at org.springframework.boot.StartupInfoLogger.logStarting(StartupInfoLogger.java:50)
 - Starting Test on asus with PID 1568 (started by chenmingjian in /home/chenmingjian/workProjects/fengkong-2/poc/source/trunk/springboot-utils)
2019-07-10 10:29:02.942 [main] INFO  c.s.u.e.Test Caller+0	 at org.springframework.boot.SpringApplication.logStartupProfileInfo(SpringApplication.java:675)
 - No active profile set, falling back to default profiles: default
2019-07-10 10:29:05.725 [main] INFO  o.s.c.s.PostProcessorRegistrationDelegate$BeanPostProcessorChecker Caller+0	 at org.springframework.context.support.PostProcessorRegistrationDelegate$BeanPostProcessorChecker.postProcessAfterInitialization(PostProcessorRegistrationDelegate.java:330)
 - Bean 'threadPoolConfig' of type [com.springboot.utils.thread.ThreadPoolConfig] is not eligible for getting processed by all BeanPostProcessors (for example: not eligible for auto-proxying)
2019-07-10 10:29:06.086 [main] INFO  o.s.s.c.ThreadPoolTaskExecutor Caller+0	 at org.springframework.scheduling.concurrent.ExecutorConfigurationSupport.initialize(ExecutorConfigurationSupport.java:171)
 - Initializing ExecutorService 'taskExecutor'
2019-07-10 10:29:08.640 [main] INFO  o.s.s.c.ThreadPoolTaskScheduler Caller+0	 at org.springframework.scheduling.concurrent.ExecutorConfigurationSupport.initialize(ExecutorConfigurationSupport.java:171)
 - Initializing ExecutorService 'taskScheduler'
2019-07-10 10:29:08.767 [main] INFO  c.s.u.e.Test Caller+0	 at org.springframework.boot.StartupInfoLogger.logStarted(StartupInfoLogger.java:59)
 - Started Test in 7.149 seconds (JVM running for 10.461)
2019-07-10 10:29:10.043 [Thread-2] INFO  o.s.s.c.ThreadPoolTaskScheduler Caller+0	 at org.springframework.scheduling.concurrent.ExecutorConfigurationSupport.shutdown(ExecutorConfigurationSupport.java:208)
 - Shutting down ExecutorService 'taskScheduler'
2019-07-10 10:29:10.045 [Thread-2] INFO  o.s.s.c.ThreadPoolTaskExecutor Caller+0	 at org.springframework.scheduling.concurrent.ExecutorConfigurationSupport.shutdown(ExecutorConfigurationSupport.java:208)
 - Shutting down ExecutorService 'taskExecutor'
2019-07-10 10:29:39.025 [main] INFO  c.s.u.e.Test Caller+0	 at org.springframework.boot.StartupInfoLogger.logStarting(StartupInfoLogger.java:50)
 - Starting Test on asus with PID 1654 (started by chenmingjian in /home/chenmingjian/workProjects/fengkong-2/poc/source/trunk/springboot-utils)
2019-07-10 10:29:39.027 [main] INFO  c.s.u.e.Test Caller+0	 at org.springframework.boot.SpringApplication.logStartupProfileInfo(SpringApplication.java:675)
 - No active profile set, falling back to default profiles: default
2019-07-10 10:29:40.920 [main] INFO  o.s.c.s.PostProcessorRegistrationDelegate$BeanPostProcessorChecker Caller+0	 at org.springframework.context.support.PostProcessorRegistrationDelegate$BeanPostProcessorChecker.postProcessAfterInitialization(PostProcessorRegistrationDelegate.java:330)
 - Bean 'threadPoolConfig' of type [com.springboot.utils.thread.ThreadPoolConfig] is not eligible for getting processed by all BeanPostProcessors (for example: not eligible for auto-proxying)
2019-07-10 10:29:41.222 [main] INFO  o.s.s.c.ThreadPoolTaskExecutor Caller+0	 at org.springframework.scheduling.concurrent.ExecutorConfigurationSupport.initialize(ExecutorConfigurationSupport.java:171)
 - Initializing ExecutorService 'taskExecutor'
2019-07-10 10:29:43.241 [main] INFO  o.s.s.c.ThreadPoolTaskScheduler Caller+0	 at org.springframework.scheduling.concurrent.ExecutorConfigurationSupport.initialize(ExecutorConfigurationSupport.java:171)
 - Initializing ExecutorService 'taskScheduler'
2019-07-10 10:29:43.335 [main] INFO  c.s.u.e.Test Caller+0	 at org.springframework.boot.StartupInfoLogger.logStarted(StartupInfoLogger.java:59)
 - Started Test in 5.189 seconds (JVM running for 8.521)
2019-07-10 10:30:05.446 [Thread-2] INFO  o.s.s.c.ThreadPoolTaskScheduler Caller+0	 at org.springframework.scheduling.concurrent.ExecutorConfigurationSupport.shutdown(ExecutorConfigurationSupport.java:208)
 - Shutting down ExecutorService 'taskScheduler'
2019-07-10 10:30:05.449 [Thread-2] INFO  o.s.s.c.ThreadPoolTaskExecutor Caller+0	 at org.springframework.scheduling.concurrent.ExecutorConfigurationSupport.shutdown(ExecutorConfigurationSupport.java:208)
 - Shutting down ExecutorService 'taskExecutor'
2019-07-10 10:30:11.621 [main] INFO  c.s.u.e.Test Caller+0	 at org.springframework.boot.StartupInfoLogger.logStarting(StartupInfoLogger.java:50)
 - Starting Test on asus with PID 1716 (started by chenmingjian in /home/chenmingjian/workProjects/fengkong-2/poc/source/trunk/springboot-utils)
2019-07-10 10:30:11.625 [main] INFO  c.s.u.e.Test Caller+0	 at org.springframework.boot.SpringApplication.logStartupProfileInfo(SpringApplication.java:675)
 - No active profile set, falling back to default profiles: default
2019-07-10 10:30:14.544 [main] INFO  o.s.c.s.PostProcessorRegistrationDelegate$BeanPostProcessorChecker Caller+0	 at org.springframework.context.support.PostProcessorRegistrationDelegate$BeanPostProcessorChecker.postProcessAfterInitialization(PostProcessorRegistrationDelegate.java:330)
 - Bean 'threadPoolConfig' of type [com.springboot.utils.thread.ThreadPoolConfig] is not eligible for getting processed by all BeanPostProcessors (for example: not eligible for auto-proxying)
2019-07-10 10:30:14.848 [main] INFO  o.s.s.c.ThreadPoolTaskExecutor Caller+0	 at org.springframework.scheduling.concurrent.ExecutorConfigurationSupport.initialize(ExecutorConfigurationSupport.java:171)
 - Initializing ExecutorService 'taskExecutor'
2019-07-10 10:30:17.066 [main] INFO  o.s.s.c.ThreadPoolTaskScheduler Caller+0	 at org.springframework.scheduling.concurrent.ExecutorConfigurationSupport.initialize(ExecutorConfigurationSupport.java:171)
 - Initializing ExecutorService 'taskScheduler'
2019-07-10 10:30:17.174 [main] INFO  c.s.u.e.Test Caller+0	 at org.springframework.boot.StartupInfoLogger.logStarted(StartupInfoLogger.java:59)
 - Started Test in 7.0 seconds (JVM running for 9.358)
2019-07-10 10:32:05.941 [Thread-2] INFO  o.s.s.c.ThreadPoolTaskScheduler Caller+0	 at org.springframework.scheduling.concurrent.ExecutorConfigurationSupport.shutdown(ExecutorConfigurationSupport.java:208)
 - Shutting down ExecutorService 'taskScheduler'
2019-07-10 10:32:05.942 [Thread-2] INFO  o.s.s.c.ThreadPoolTaskExecutor Caller+0	 at org.springframework.scheduling.concurrent.ExecutorConfigurationSupport.shutdown(ExecutorConfigurationSupport.java:208)
 - Shutting down ExecutorService 'taskExecutor'
2019-07-10 10:34:42.087 [main] INFO  c.s.u.e.Test Caller+0	 at org.springframework.boot.StartupInfoLogger.logStarting(StartupInfoLogger.java:50)
 - Starting Test on asus with PID 1945 (started by chenmingjian in /home/chenmingjian/workProjects/fengkong-2/poc/source/trunk/springboot-utils)
2019-07-10 10:34:42.093 [main] INFO  c.s.u.e.Test Caller+0	 at org.springframework.boot.SpringApplication.logStartupProfileInfo(SpringApplication.java:675)
 - No active profile set, falling back to default profiles: default
2019-07-10 10:34:44.392 [main] INFO  o.s.c.s.PostProcessorRegistrationDelegate$BeanPostProcessorChecker Caller+0	 at org.springframework.context.support.PostProcessorRegistrationDelegate$BeanPostProcessorChecker.postProcessAfterInitialization(PostProcessorRegistrationDelegate.java:330)
 - Bean 'threadPoolConfig' of type [com.springboot.utils.thread.ThreadPoolConfig] is not eligible for getting processed by all BeanPostProcessors (for example: not eligible for auto-proxying)
2019-07-10 10:34:44.711 [main] INFO  o.s.s.c.ThreadPoolTaskExecutor Caller+0	 at org.springframework.scheduling.concurrent.ExecutorConfigurationSupport.initialize(ExecutorConfigurationSupport.java:171)
 - Initializing ExecutorService 'taskExecutor'
2019-07-10 10:34:46.894 [main] INFO  o.s.s.c.ThreadPoolTaskScheduler Caller+0	 at org.springframework.scheduling.concurrent.ExecutorConfigurationSupport.initialize(ExecutorConfigurationSupport.java:171)
 - Initializing ExecutorService 'taskScheduler'
2019-07-10 10:34:46.974 [main] INFO  c.s.u.e.Test Caller+0	 at org.springframework.boot.StartupInfoLogger.logStarted(StartupInfoLogger.java:59)
 - Started Test in 6.156 seconds (JVM running for 8.308)
2019-07-10 10:34:51.176 [Thread-2] INFO  o.s.s.c.ThreadPoolTaskScheduler Caller+0	 at org.springframework.scheduling.concurrent.ExecutorConfigurationSupport.shutdown(ExecutorConfigurationSupport.java:208)
 - Shutting down ExecutorService 'taskScheduler'
2019-07-10 10:34:51.178 [Thread-2] INFO  o.s.s.c.ThreadPoolTaskExecutor Caller+0	 at org.springframework.scheduling.concurrent.ExecutorConfigurationSupport.shutdown(ExecutorConfigurationSupport.java:208)
 - Shutting down ExecutorService 'taskExecutor'
2019-07-10 10:36:22.758 [main] INFO  c.s.u.e.Test Caller+0	 at org.springframework.boot.StartupInfoLogger.logStarting(StartupInfoLogger.java:50)
 - Starting Test on asus with PID 2109 (started by chenmingjian in /home/chenmingjian/workProjects/fengkong-2/poc/source/trunk/springboot-utils)
2019-07-10 10:36:22.766 [main] INFO  c.s.u.e.Test Caller+0	 at org.springframework.boot.SpringApplication.logStartupProfileInfo(SpringApplication.java:675)
 - No active profile set, falling back to default profiles: default
2019-07-10 10:36:25.039 [main] INFO  o.s.c.s.PostProcessorRegistrationDelegate$BeanPostProcessorChecker Caller+0	 at org.springframework.context.support.PostProcessorRegistrationDelegate$BeanPostProcessorChecker.postProcessAfterInitialization(PostProcessorRegistrationDelegate.java:330)
 - Bean 'threadPoolConfig' of type [com.springboot.utils.thread.ThreadPoolConfig] is not eligible for getting processed by all BeanPostProcessors (for example: not eligible for auto-proxying)
2019-07-10 10:36:25.342 [main] INFO  o.s.s.c.ThreadPoolTaskExecutor Caller+0	 at org.springframework.scheduling.concurrent.ExecutorConfigurationSupport.initialize(ExecutorConfigurationSupport.java:171)
 - Initializing ExecutorService 'taskExecutor'
2019-07-10 10:36:27.381 [main] INFO  o.s.s.c.ThreadPoolTaskScheduler Caller+0	 at org.springframework.scheduling.concurrent.ExecutorConfigurationSupport.initialize(ExecutorConfigurationSupport.java:171)
 - Initializing ExecutorService 'taskScheduler'
2019-07-10 10:36:27.467 [main] INFO  c.s.u.e.Test Caller+0	 at org.springframework.boot.StartupInfoLogger.logStarted(StartupInfoLogger.java:59)
 - Started Test in 6.177 seconds (JVM running for 8.48)
2019-07-10 10:37:03.398 [Thread-2] INFO  o.s.s.c.ThreadPoolTaskScheduler Caller+0	 at org.springframework.scheduling.concurrent.ExecutorConfigurationSupport.shutdown(ExecutorConfigurationSupport.java:208)
 - Shutting down ExecutorService 'taskScheduler'
2019-07-10 10:37:03.399 [Thread-2] INFO  o.s.s.c.ThreadPoolTaskExecutor Caller+0	 at org.springframework.scheduling.concurrent.ExecutorConfigurationSupport.shutdown(ExecutorConfigurationSupport.java:208)
 - Shutting down ExecutorService 'taskExecutor'
2019-07-10 10:39:20.053 [main] INFO  c.s.u.e.Test Caller+0	 at org.springframework.boot.StartupInfoLogger.logStarting(StartupInfoLogger.java:50)
 - Starting Test on asus with PID 2308 (started by chenmingjian in /home/chenmingjian/workProjects/fengkong-2/poc/source/trunk/springboot-utils)
2019-07-10 10:39:20.056 [main] INFO  c.s.u.e.Test Caller+0	 at org.springframework.boot.SpringApplication.logStartupProfileInfo(SpringApplication.java:675)
 - No active profile set, falling back to default profiles: default
2019-07-10 10:39:22.250 [main] INFO  o.s.c.s.PostProcessorRegistrationDelegate$BeanPostProcessorChecker Caller+0	 at org.springframework.context.support.PostProcessorRegistrationDelegate$BeanPostProcessorChecker.postProcessAfterInitialization(PostProcessorRegistrationDelegate.java:330)
 - Bean 'threadPoolConfig' of type [com.springboot.utils.thread.ThreadPoolConfig] is not eligible for getting processed by all BeanPostProcessors (for example: not eligible for auto-proxying)
2019-07-10 10:39:22.524 [main] INFO  o.s.s.c.ThreadPoolTaskExecutor Caller+0	 at org.springframework.scheduling.concurrent.ExecutorConfigurationSupport.initialize(ExecutorConfigurationSupport.java:171)
 - Initializing ExecutorService 'taskExecutor'
2019-07-10 10:39:24.708 [main] INFO  o.s.s.c.ThreadPoolTaskScheduler Caller+0	 at org.springframework.scheduling.concurrent.ExecutorConfigurationSupport.initialize(ExecutorConfigurationSupport.java:171)
 - Initializing ExecutorService 'taskScheduler'
2019-07-10 10:39:24.779 [main] INFO  c.s.u.e.Test Caller+0	 at org.springframework.boot.StartupInfoLogger.logStarted(StartupInfoLogger.java:59)
 - Started Test in 6.267 seconds (JVM running for 8.775)
2019-07-10 10:40:03.508 [Thread-2] INFO  o.s.s.c.ThreadPoolTaskScheduler Caller+0	 at org.springframework.scheduling.concurrent.ExecutorConfigurationSupport.shutdown(ExecutorConfigurationSupport.java:208)
 - Shutting down ExecutorService 'taskScheduler'
2019-07-10 10:40:03.511 [Thread-2] INFO  o.s.s.c.ThreadPoolTaskExecutor Caller+0	 at org.springframework.scheduling.concurrent.ExecutorConfigurationSupport.shutdown(ExecutorConfigurationSupport.java:208)
 - Shutting down ExecutorService 'taskExecutor'
2019-07-10 10:40:43.669 [main] INFO  c.s.u.e.Test Caller+0	 at org.springframework.boot.StartupInfoLogger.logStarting(StartupInfoLogger.java:50)
 - Starting Test on asus with PID 2446 (started by chenmingjian in /home/chenmingjian/workProjects/fengkong-2/poc/source/trunk/springboot-utils)
2019-07-10 10:40:43.679 [main] INFO  c.s.u.e.Test Caller+0	 at org.springframework.boot.SpringApplication.logStartupProfileInfo(SpringApplication.java:675)
 - No active profile set, falling back to default profiles: default
2019-07-10 10:40:46.258 [main] INFO  o.s.c.s.PostProcessorRegistrationDelegate$BeanPostProcessorChecker Caller+0	 at org.springframework.context.support.PostProcessorRegistrationDelegate$BeanPostProcessorChecker.postProcessAfterInitialization(PostProcessorRegistrationDelegate.java:330)
 - Bean 'threadPoolConfig' of type [com.springboot.utils.thread.ThreadPoolConfig] is not eligible for getting processed by all BeanPostProcessors (for example: not eligible for auto-proxying)
2019-07-10 10:40:46.522 [main] INFO  o.s.s.c.ThreadPoolTaskExecutor Caller+0	 at org.springframework.scheduling.concurrent.ExecutorConfigurationSupport.initialize(ExecutorConfigurationSupport.java:171)
 - Initializing ExecutorService 'taskExecutor'
2019-07-10 10:40:48.845 [main] INFO  o.s.s.c.ThreadPoolTaskScheduler Caller+0	 at org.springframework.scheduling.concurrent.ExecutorConfigurationSupport.initialize(ExecutorConfigurationSupport.java:171)
 - Initializing ExecutorService 'taskScheduler'
2019-07-10 10:40:48.940 [main] INFO  c.s.u.e.Test Caller+0	 at org.springframework.boot.StartupInfoLogger.logStarted(StartupInfoLogger.java:59)
 - Started Test in 6.361 seconds (JVM running for 8.509)
2019-07-10 10:40:50.188 [Thread-2] INFO  o.s.s.c.ThreadPoolTaskScheduler Caller+0	 at org.springframework.scheduling.concurrent.ExecutorConfigurationSupport.shutdown(ExecutorConfigurationSupport.java:208)
 - Shutting down ExecutorService 'taskScheduler'
2019-07-10 10:40:50.190 [Thread-2] INFO  o.s.s.c.ThreadPoolTaskExecutor Caller+0	 at org.springframework.scheduling.concurrent.ExecutorConfigurationSupport.shutdown(ExecutorConfigurationSupport.java:208)
 - Shutting down ExecutorService 'taskExecutor'
2019-07-10 10:44:06.265 [main] INFO  c.s.u.e.Test Caller+0	 at org.springframework.boot.StartupInfoLogger.logStarting(StartupInfoLogger.java:50)
 - Starting Test on asus with PID 2834 (started by chenmingjian in /home/chenmingjian/workProjects/fengkong-2/poc/source/trunk/springboot-utils)
2019-07-10 10:44:06.268 [main] INFO  c.s.u.e.Test Caller+0	 at org.springframework.boot.SpringApplication.logStartupProfileInfo(SpringApplication.java:675)
 - No active profile set, falling back to default profiles: default
2019-07-10 10:44:08.233 [main] INFO  o.s.c.s.PostProcessorRegistrationDelegate$BeanPostProcessorChecker Caller+0	 at org.springframework.context.support.PostProcessorRegistrationDelegate$BeanPostProcessorChecker.postProcessAfterInitialization(PostProcessorRegistrationDelegate.java:330)
 - Bean 'threadPoolConfig' of type [com.springboot.utils.thread.ThreadPoolConfig] is not eligible for getting processed by all BeanPostProcessors (for example: not eligible for auto-proxying)
2019-07-10 10:44:08.490 [main] INFO  o.s.s.c.ThreadPoolTaskExecutor Caller+0	 at org.springframework.scheduling.concurrent.ExecutorConfigurationSupport.initialize(ExecutorConfigurationSupport.java:171)
 - Initializing ExecutorService 'taskExecutor'
2019-07-10 10:44:10.733 [main] INFO  o.s.s.c.ThreadPoolTaskScheduler Caller+0	 at org.springframework.scheduling.concurrent.ExecutorConfigurationSupport.initialize(ExecutorConfigurationSupport.java:171)
 - Initializing ExecutorService 'taskScheduler'
2019-07-10 10:44:10.845 [main] INFO  c.s.u.e.Test Caller+0	 at org.springframework.boot.StartupInfoLogger.logStarted(StartupInfoLogger.java:59)
 - Started Test in 6.046 seconds (JVM running for 8.376)
2019-07-10 10:44:11.738 [Thread-2] INFO  o.s.s.c.ThreadPoolTaskScheduler Caller+0	 at org.springframework.scheduling.concurrent.ExecutorConfigurationSupport.shutdown(ExecutorConfigurationSupport.java:208)
 - Shutting down ExecutorService 'taskScheduler'
2019-07-10 10:44:11.741 [Thread-2] INFO  o.s.s.c.ThreadPoolTaskExecutor Caller+0	 at org.springframework.scheduling.concurrent.ExecutorConfigurationSupport.shutdown(ExecutorConfigurationSupport.java:208)
 - Shutting down ExecutorService 'taskExecutor'
2019-07-10 10:44:41.056 [main] INFO  c.s.u.e.Test Caller+0	 at org.springframework.boot.StartupInfoLogger.logStarting(StartupInfoLogger.java:50)
 - Starting Test on asus with PID 2911 (started by chenmingjian in /home/chenmingjian/workProjects/fengkong-2/poc/source/trunk/springboot-utils)
2019-07-10 10:44:41.067 [main] INFO  c.s.u.e.Test Caller+0	 at org.springframework.boot.SpringApplication.logStartupProfileInfo(SpringApplication.java:675)
 - No active profile set, falling back to default profiles: default
2019-07-10 10:44:43.066 [main] INFO  o.s.c.s.PostProcessorRegistrationDelegate$BeanPostProcessorChecker Caller+0	 at org.springframework.context.support.PostProcessorRegistrationDelegate$BeanPostProcessorChecker.postProcessAfterInitialization(PostProcessorRegistrationDelegate.java:330)
 - Bean 'threadPoolConfig' of type [com.springboot.utils.thread.ThreadPoolConfig] is not eligible for getting processed by all BeanPostProcessors (for example: not eligible for auto-proxying)
2019-07-10 10:44:43.343 [main] INFO  o.s.s.c.ThreadPoolTaskExecutor Caller+0	 at org.springframework.scheduling.concurrent.ExecutorConfigurationSupport.initialize(ExecutorConfigurationSupport.java:171)
 - Initializing ExecutorService 'taskExecutor'
2019-07-10 10:44:45.489 [main] INFO  o.s.s.c.ThreadPoolTaskScheduler Caller+0	 at org.springframework.scheduling.concurrent.ExecutorConfigurationSupport.initialize(ExecutorConfigurationSupport.java:171)
 - Initializing ExecutorService 'taskScheduler'
2019-07-10 10:44:45.603 [main] INFO  c.s.u.e.Test Caller+0	 at org.springframework.boot.StartupInfoLogger.logStarted(StartupInfoLogger.java:59)
 - Started Test in 6.068 seconds (JVM running for 8.074)
2019-07-10 10:44:46.290 [Thread-2] INFO  o.s.s.c.ThreadPoolTaskScheduler Caller+0	 at org.springframework.scheduling.concurrent.ExecutorConfigurationSupport.shutdown(ExecutorConfigurationSupport.java:208)
 - Shutting down ExecutorService 'taskScheduler'
2019-07-10 10:44:46.292 [Thread-2] INFO  o.s.s.c.ThreadPoolTaskExecutor Caller+0	 at org.springframework.scheduling.concurrent.ExecutorConfigurationSupport.shutdown(ExecutorConfigurationSupport.java:208)
 - Shutting down ExecutorService 'taskExecutor'
2019-07-10 10:46:14.524 [main] INFO  c.s.u.e.Test Caller+0	 at org.springframework.boot.StartupInfoLogger.logStarting(StartupInfoLogger.java:50)
 - Starting Test on asus with PID 3061 (started by chenmingjian in /home/chenmingjian/workProjects/fengkong-2/poc/source/trunk/springboot-utils)
2019-07-10 10:46:14.537 [main] INFO  c.s.u.e.Test Caller+0	 at org.springframework.boot.SpringApplication.logStartupProfileInfo(SpringApplication.java:675)
 - No active profile set, falling back to default profiles: default
2019-07-10 10:46:16.846 [main] INFO  o.s.c.s.PostProcessorRegistrationDelegate$BeanPostProcessorChecker Caller+0	 at org.springframework.context.support.PostProcessorRegistrationDelegate$BeanPostProcessorChecker.postProcessAfterInitialization(PostProcessorRegistrationDelegate.java:330)
 - Bean 'threadPoolConfig' of type [com.springboot.utils.thread.ThreadPoolConfig] is not eligible for getting processed by all BeanPostProcessors (for example: not eligible for auto-proxying)
2019-07-10 10:46:17.093 [main] INFO  o.s.s.c.ThreadPoolTaskExecutor Caller+0	 at org.springframework.scheduling.concurrent.ExecutorConfigurationSupport.initialize(ExecutorConfigurationSupport.java:171)
 - Initializing ExecutorService 'taskExecutor'
2019-07-10 10:46:19.006 [main] INFO  o.s.s.c.ThreadPoolTaskScheduler Caller+0	 at org.springframework.scheduling.concurrent.ExecutorConfigurationSupport.initialize(ExecutorConfigurationSupport.java:171)
 - Initializing ExecutorService 'taskScheduler'
2019-07-10 10:46:19.109 [main] INFO  c.s.u.e.Test Caller+0	 at org.springframework.boot.StartupInfoLogger.logStarted(StartupInfoLogger.java:59)
 - Started Test in 5.969 seconds (JVM running for 8.095)
2019-07-10 10:46:19.781 [Thread-2] INFO  o.s.s.c.ThreadPoolTaskScheduler Caller+0	 at org.springframework.scheduling.concurrent.ExecutorConfigurationSupport.shutdown(ExecutorConfigurationSupport.java:208)
 - Shutting down ExecutorService 'taskScheduler'
2019-07-10 10:46:19.783 [Thread-2] INFO  o.s.s.c.ThreadPoolTaskExecutor Caller+0	 at org.springframework.scheduling.concurrent.ExecutorConfigurationSupport.shutdown(ExecutorConfigurationSupport.java:208)
 - Shutting down ExecutorService 'taskExecutor'
2019-07-10 10:49:22.099 [main] INFO  c.s.u.e.Test Caller+0	 at org.springframework.boot.StartupInfoLogger.logStarting(StartupInfoLogger.java:50)
 - Starting Test on asus with PID 3296 (started by chenmingjian in /home/chenmingjian/workProjects/fengkong-2/poc/source/trunk/springboot-utils)
2019-07-10 10:49:22.111 [main] INFO  c.s.u.e.Test Caller+0	 at org.springframework.boot.SpringApplication.logStartupProfileInfo(SpringApplication.java:675)
 - No active profile set, falling back to default profiles: default
2019-07-10 10:49:24.357 [main] INFO  o.s.c.s.PostProcessorRegistrationDelegate$BeanPostProcessorChecker Caller+0	 at org.springframework.context.support.PostProcessorRegistrationDelegate$BeanPostProcessorChecker.postProcessAfterInitialization(PostProcessorRegistrationDelegate.java:330)
 - Bean 'threadPoolConfig' of type [com.springboot.utils.thread.ThreadPoolConfig] is not eligible for getting processed by all BeanPostProcessors (for example: not eligible for auto-proxying)
2019-07-10 10:49:24.621 [main] INFO  o.s.s.c.ThreadPoolTaskExecutor Caller+0	 at org.springframework.scheduling.concurrent.ExecutorConfigurationSupport.initialize(ExecutorConfigurationSupport.java:171)
 - Initializing ExecutorService 'taskExecutor'
2019-07-10 10:49:26.870 [main] INFO  o.s.s.c.ThreadPoolTaskScheduler Caller+0	 at org.springframework.scheduling.concurrent.ExecutorConfigurationSupport.initialize(ExecutorConfigurationSupport.java:171)
 - Initializing ExecutorService 'taskScheduler'
2019-07-10 10:49:26.969 [main] INFO  c.s.u.e.Test Caller+0	 at org.springframework.boot.StartupInfoLogger.logStarted(StartupInfoLogger.java:59)
 - Started Test in 6.249 seconds (JVM running for 8.364)
2019-07-10 10:49:27.743 [Thread-2] INFO  o.s.s.c.ThreadPoolTaskScheduler Caller+0	 at org.springframework.scheduling.concurrent.ExecutorConfigurationSupport.shutdown(ExecutorConfigurationSupport.java:208)
 - Shutting down ExecutorService 'taskScheduler'
2019-07-10 10:49:27.745 [Thread-2] INFO  o.s.s.c.ThreadPoolTaskExecutor Caller+0	 at org.springframework.scheduling.concurrent.ExecutorConfigurationSupport.shutdown(ExecutorConfigurationSupport.java:208)
 - Shutting down ExecutorService 'taskExecutor'
2019-07-10 10:50:18.290 [main] INFO  c.s.u.e.Test Caller+0	 at org.springframework.boot.StartupInfoLogger.logStarting(StartupInfoLogger.java:50)
 - Starting Test on asus with PID 3405 (started by chenmingjian in /home/chenmingjian/workProjects/fengkong-2/poc/source/trunk/springboot-utils)
2019-07-10 10:50:18.296 [main] INFO  c.s.u.e.Test Caller+0	 at org.springframework.boot.SpringApplication.logStartupProfileInfo(SpringApplication.java:675)
 - No active profile set, falling back to default profiles: default
2019-07-10 10:50:20.497 [main] INFO  o.s.c.s.PostProcessorRegistrationDelegate$BeanPostProcessorChecker Caller+0	 at org.springframework.context.support.PostProcessorRegistrationDelegate$BeanPostProcessorChecker.postProcessAfterInitialization(PostProcessorRegistrationDelegate.java:330)
 - Bean 'threadPoolConfig' of type [com.springboot.utils.thread.ThreadPoolConfig] is not eligible for getting processed by all BeanPostProcessors (for example: not eligible for auto-proxying)
2019-07-10 10:50:20.793 [main] INFO  o.s.s.c.ThreadPoolTaskExecutor Caller+0	 at org.springframework.scheduling.concurrent.ExecutorConfigurationSupport.initialize(ExecutorConfigurationSupport.java:171)
 - Initializing ExecutorService 'taskExecutor'
2019-07-10 10:50:22.775 [main] INFO  o.s.s.c.ThreadPoolTaskScheduler Caller+0	 at org.springframework.scheduling.concurrent.ExecutorConfigurationSupport.initialize(ExecutorConfigurationSupport.java:171)
 - Initializing ExecutorService 'taskScheduler'
2019-07-10 10:50:22.871 [main] INFO  c.s.u.e.Test Caller+0	 at org.springframework.boot.StartupInfoLogger.logStarted(StartupInfoLogger.java:59)
 - Started Test in 5.888 seconds (JVM running for 7.844)
2019-07-10 10:50:24.305 [Thread-2] INFO  o.s.s.c.ThreadPoolTaskScheduler Caller+0	 at org.springframework.scheduling.concurrent.ExecutorConfigurationSupport.shutdown(ExecutorConfigurationSupport.java:208)
 - Shutting down ExecutorService 'taskScheduler'
2019-07-10 10:50:24.310 [Thread-2] INFO  o.s.s.c.ThreadPoolTaskExecutor Caller+0	 at org.springframework.scheduling.concurrent.ExecutorConfigurationSupport.shutdown(ExecutorConfigurationSupport.java:208)
 - Shutting down ExecutorService 'taskExecutor'
2019-07-10 10:51:14.896 [main] INFO  c.s.u.e.Test Caller+0	 at org.springframework.boot.StartupInfoLogger.logStarting(StartupInfoLogger.java:50)
 - Starting Test on asus with PID 3511 (started by chenmingjian in /home/chenmingjian/workProjects/fengkong-2/poc/source/trunk/springboot-utils)
2019-07-10 10:51:14.900 [main] INFO  c.s.u.e.Test Caller+0	 at org.springframework.boot.SpringApplication.logStartupProfileInfo(SpringApplication.java:675)
 - No active profile set, falling back to default profiles: default
2019-07-10 10:51:17.204 [main] INFO  o.s.c.s.PostProcessorRegistrationDelegate$BeanPostProcessorChecker Caller+0	 at org.springframework.context.support.PostProcessorRegistrationDelegate$BeanPostProcessorChecker.postProcessAfterInitialization(PostProcessorRegistrationDelegate.java:330)
 - Bean 'threadPoolConfig' of type [com.springboot.utils.thread.ThreadPoolConfig] is not eligible for getting processed by all BeanPostProcessors (for example: not eligible for auto-proxying)
2019-07-10 10:51:17.581 [main] INFO  o.s.s.c.ThreadPoolTaskExecutor Caller+0	 at org.springframework.scheduling.concurrent.ExecutorConfigurationSupport.initialize(ExecutorConfigurationSupport.java:171)
 - Initializing ExecutorService 'taskExecutor'
2019-07-10 10:51:19.771 [main] INFO  o.s.s.c.ThreadPoolTaskScheduler Caller+0	 at org.springframework.scheduling.concurrent.ExecutorConfigurationSupport.initialize(ExecutorConfigurationSupport.java:171)
 - Initializing ExecutorService 'taskScheduler'
2019-07-10 10:51:19.859 [main] INFO  c.s.u.e.Test Caller+0	 at org.springframework.boot.StartupInfoLogger.logStarted(StartupInfoLogger.java:59)
 - Started Test in 6.177 seconds (JVM running for 8.09)
2019-07-10 10:51:21.273 [Thread-2] INFO  o.s.s.c.ThreadPoolTaskScheduler Caller+0	 at org.springframework.scheduling.concurrent.ExecutorConfigurationSupport.shutdown(ExecutorConfigurationSupport.java:208)
 - Shutting down ExecutorService 'taskScheduler'
2019-07-10 10:51:21.276 [Thread-2] INFO  o.s.s.c.ThreadPoolTaskExecutor Caller+0	 at org.springframework.scheduling.concurrent.ExecutorConfigurationSupport.shutdown(ExecutorConfigurationSupport.java:208)
 - Shutting down ExecutorService 'taskExecutor'
2019-07-10 10:58:58.296 [main] INFO  c.s.u.e.Test Caller+0	 at org.springframework.boot.StartupInfoLogger.logStarting(StartupInfoLogger.java:50)
 - Starting Test on asus with PID 3953 (started by chenmingjian in /home/chenmingjian/workProjects/fengkong-2/poc/source/trunk/springboot-utils)
2019-07-10 10:58:58.300 [main] INFO  c.s.u.e.Test Caller+0	 at org.springframework.boot.SpringApplication.logStartupProfileInfo(SpringApplication.java:675)
 - No active profile set, falling back to default profiles: default
2019-07-10 10:59:00.486 [main] INFO  o.s.c.s.PostProcessorRegistrationDelegate$BeanPostProcessorChecker Caller+0	 at org.springframework.context.support.PostProcessorRegistrationDelegate$BeanPostProcessorChecker.postProcessAfterInitialization(PostProcessorRegistrationDelegate.java:330)
 - Bean 'threadPoolConfig' of type [com.springboot.utils.thread.ThreadPoolConfig] is not eligible for getting processed by all BeanPostProcessors (for example: not eligible for auto-proxying)
2019-07-10 10:59:00.754 [main] INFO  o.s.s.c.ThreadPoolTaskExecutor Caller+0	 at org.springframework.scheduling.concurrent.ExecutorConfigurationSupport.initialize(ExecutorConfigurationSupport.java:171)
 - Initializing ExecutorService 'taskExecutor'
2019-07-10 10:59:02.909 [main] INFO  o.s.s.c.ThreadPoolTaskScheduler Caller+0	 at org.springframework.scheduling.concurrent.ExecutorConfigurationSupport.initialize(ExecutorConfigurationSupport.java:171)
 - Initializing ExecutorService 'taskScheduler'
2019-07-10 10:59:03.004 [main] INFO  c.s.u.e.Test Caller+0	 at org.springframework.boot.StartupInfoLogger.logStarted(StartupInfoLogger.java:59)
 - Started Test in 6.256 seconds (JVM running for 8.54)
2019-07-10 10:59:04.460 [Thread-2] INFO  o.s.s.c.ThreadPoolTaskScheduler Caller+0	 at org.springframework.scheduling.concurrent.ExecutorConfigurationSupport.shutdown(ExecutorConfigurationSupport.java:208)
 - Shutting down ExecutorService 'taskScheduler'
2019-07-10 10:59:04.461 [Thread-2] INFO  o.s.s.c.ThreadPoolTaskExecutor Caller+0	 at org.springframework.scheduling.concurrent.ExecutorConfigurationSupport.shutdown(ExecutorConfigurationSupport.java:208)
 - Shutting down ExecutorService 'taskExecutor'
