2019-07-25 17:59:42.359 [main] INFO  c.s.u.e.Test Caller+0	 at org.springframework.boot.StartupInfoLogger.logStarting(StartupInfoLogger.java:50)
 - Starting Test on asus with PID 659 (started by chenmingjian in /home/chenmingjian/workProjects/fengkong-2/poc/source/trunk/springboot-utils)
2019-07-25 17:59:42.362 [main] INFO  c.s.u.e.Test Caller+0	 at org.springframework.boot.SpringApplication.logStartupProfileInfo(SpringApplication.java:675)
 - No active profile set, falling back to default profiles: default
2019-07-25 17:59:54.200 [main] INFO  o.s.c.s.PostProcessorRegistrationDelegate$BeanPostProcessorChecker Caller+0	 at org.springframework.context.support.PostProcessorRegistrationDelegate$BeanPostProcessorChecker.postProcessAfterInitialization(PostProcessorRegistrationDelegate.java:330)
 - Bean 'threadPoolConfig' of type [com.springboot.utils.thread.ThreadPoolConfig] is not eligible for getting processed by all BeanPostProcessors (for example: not eligible for auto-proxying)
2019-07-25 17:59:54.817 [main] INFO  o.s.s.c.ThreadPoolTaskExecutor Caller+0	 at org.springframework.scheduling.concurrent.ExecutorConfigurationSupport.initialize(ExecutorConfigurationSupport.java:171)
 - Initializing ExecutorService 'taskExecutor'
2019-07-25 17:59:57.586 [main] INFO  o.s.s.c.ThreadPoolTaskScheduler Caller+0	 at org.springframework.scheduling.concurrent.ExecutorConfigurationSupport.initialize(ExecutorConfigurationSupport.java:171)
 - Initializing ExecutorService 'taskScheduler'
2019-07-25 17:59:57.834 [main] INFO  c.s.u.e.Test Caller+0	 at org.springframework.boot.StartupInfoLogger.logStarted(StartupInfoLogger.java:59)
 - Started Test in 16.591 seconds (JVM running for 20.069)
2019-07-25 17:59:58.431 [Thread-2] INFO  o.s.s.c.ThreadPoolTaskScheduler Caller+0	 at org.springframework.scheduling.concurrent.ExecutorConfigurationSupport.shutdown(ExecutorConfigurationSupport.java:208)
 - Shutting down ExecutorService 'taskScheduler'
2019-07-25 17:59:58.432 [Thread-2] INFO  o.s.s.c.ThreadPoolTaskExecutor Caller+0	 at org.springframework.scheduling.concurrent.ExecutorConfigurationSupport.shutdown(ExecutorConfigurationSupport.java:208)
 - Shutting down ExecutorService 'taskExecutor'
2019-07-25 18:00:10.810 [main] INFO  c.s.u.e.Test Caller+0	 at org.springframework.boot.StartupInfoLogger.logStarting(StartupInfoLogger.java:50)
 - Starting Test on asus with PID 731 (started by chenmingjian in /home/chenmingjian/workProjects/fengkong-2/poc/source/trunk/springboot-utils)
2019-07-25 18:00:10.813 [main] INFO  c.s.u.e.Test Caller+0	 at org.springframework.boot.SpringApplication.logStartupProfileInfo(SpringApplication.java:675)
 - No active profile set, falling back to default profiles: default
2019-07-25 18:00:13.551 [main] INFO  o.s.c.s.PostProcessorRegistrationDelegate$BeanPostProcessorChecker Caller+0	 at org.springframework.context.support.PostProcessorRegistrationDelegate$BeanPostProcessorChecker.postProcessAfterInitialization(PostProcessorRegistrationDelegate.java:330)
 - Bean 'threadPoolConfig' of type [com.springboot.utils.thread.ThreadPoolConfig] is not eligible for getting processed by all BeanPostProcessors (for example: not eligible for auto-proxying)
2019-07-25 18:00:13.822 [main] INFO  o.s.s.c.ThreadPoolTaskExecutor Caller+0	 at org.springframework.scheduling.concurrent.ExecutorConfigurationSupport.initialize(ExecutorConfigurationSupport.java:171)
 - Initializing ExecutorService 'taskExecutor'
2019-07-25 18:00:15.988 [main] INFO  o.s.s.c.ThreadPoolTaskScheduler Caller+0	 at org.springframework.scheduling.concurrent.ExecutorConfigurationSupport.initialize(ExecutorConfigurationSupport.java:171)
 - Initializing ExecutorService 'taskScheduler'
2019-07-25 18:00:16.087 [main] INFO  c.s.u.e.Test Caller+0	 at org.springframework.boot.StartupInfoLogger.logStarted(StartupInfoLogger.java:59)
 - Started Test in 6.583 seconds (JVM running for 8.88)
2019-07-25 18:00:16.367 [Thread-2] INFO  o.s.s.c.ThreadPoolTaskScheduler Caller+0	 at org.springframework.scheduling.concurrent.ExecutorConfigurationSupport.shutdown(ExecutorConfigurationSupport.java:208)
 - Shutting down ExecutorService 'taskScheduler'
2019-07-25 18:00:16.370 [Thread-2] INFO  o.s.s.c.ThreadPoolTaskExecutor Caller+0	 at org.springframework.scheduling.concurrent.ExecutorConfigurationSupport.shutdown(ExecutorConfigurationSupport.java:208)
 - Shutting down ExecutorService 'taskExecutor'
2019-07-25 18:00:29.719 [main] INFO  c.s.u.e.Test Caller+0	 at org.springframework.boot.StartupInfoLogger.logStarting(StartupInfoLogger.java:50)
 - Starting Test on asus with PID 814 (started by chenmingjian in /home/chenmingjian/workProjects/fengkong-2/poc/source/trunk/springboot-utils)
2019-07-25 18:00:29.728 [main] INFO  c.s.u.e.Test Caller+0	 at org.springframework.boot.SpringApplication.logStartupProfileInfo(SpringApplication.java:675)
 - No active profile set, falling back to default profiles: default
2019-07-25 18:00:32.195 [main] INFO  o.s.c.s.PostProcessorRegistrationDelegate$BeanPostProcessorChecker Caller+0	 at org.springframework.context.support.PostProcessorRegistrationDelegate$BeanPostProcessorChecker.postProcessAfterInitialization(PostProcessorRegistrationDelegate.java:330)
 - Bean 'threadPoolConfig' of type [com.springboot.utils.thread.ThreadPoolConfig] is not eligible for getting processed by all BeanPostProcessors (for example: not eligible for auto-proxying)
2019-07-25 18:00:32.441 [main] INFO  o.s.s.c.ThreadPoolTaskExecutor Caller+0	 at org.springframework.scheduling.concurrent.ExecutorConfigurationSupport.initialize(ExecutorConfigurationSupport.java:171)
 - Initializing ExecutorService 'taskExecutor'
2019-07-25 18:00:34.406 [main] INFO  o.s.s.c.ThreadPoolTaskScheduler Caller+0	 at org.springframework.scheduling.concurrent.ExecutorConfigurationSupport.initialize(ExecutorConfigurationSupport.java:171)
 - Initializing ExecutorService 'taskScheduler'
2019-07-25 18:00:34.513 [main] INFO  c.s.u.e.Test Caller+0	 at org.springframework.boot.StartupInfoLogger.logStarted(StartupInfoLogger.java:59)
 - Started Test in 6.194 seconds (JVM running for 8.417)
2019-07-25 18:00:35.687 [Thread-2] INFO  o.s.s.c.ThreadPoolTaskScheduler Caller+0	 at org.springframework.scheduling.concurrent.ExecutorConfigurationSupport.shutdown(ExecutorConfigurationSupport.java:208)
 - Shutting down ExecutorService 'taskScheduler'
2019-07-25 18:00:35.690 [Thread-2] INFO  o.s.s.c.ThreadPoolTaskExecutor Caller+0	 at org.springframework.scheduling.concurrent.ExecutorConfigurationSupport.shutdown(ExecutorConfigurationSupport.java:208)
 - Shutting down ExecutorService 'taskExecutor'
2019-07-25 18:04:52.435 [main] INFO  c.s.u.e.Test Caller+0	 at org.springframework.boot.StartupInfoLogger.logStarting(StartupInfoLogger.java:50)
 - Starting Test on asus with PID 1154 (started by chenmingjian in /home/chenmingjian/workProjects/fengkong-2/poc/source/trunk/springboot-utils)
2019-07-25 18:04:52.440 [main] INFO  c.s.u.e.Test Caller+0	 at org.springframework.boot.SpringApplication.logStartupProfileInfo(SpringApplication.java:675)
 - No active profile set, falling back to default profiles: default
2019-07-25 18:04:54.994 [main] INFO  o.s.c.s.PostProcessorRegistrationDelegate$BeanPostProcessorChecker Caller+0	 at org.springframework.context.support.PostProcessorRegistrationDelegate$BeanPostProcessorChecker.postProcessAfterInitialization(PostProcessorRegistrationDelegate.java:330)
 - Bean 'threadPoolConfig' of type [com.springboot.utils.thread.ThreadPoolConfig] is not eligible for getting processed by all BeanPostProcessors (for example: not eligible for auto-proxying)
2019-07-25 18:04:55.242 [main] INFO  o.s.s.c.ThreadPoolTaskExecutor Caller+0	 at org.springframework.scheduling.concurrent.ExecutorConfigurationSupport.initialize(ExecutorConfigurationSupport.java:171)
 - Initializing ExecutorService 'taskExecutor'
2019-07-25 18:04:57.531 [main] INFO  o.s.s.c.ThreadPoolTaskScheduler Caller+0	 at org.springframework.scheduling.concurrent.ExecutorConfigurationSupport.initialize(ExecutorConfigurationSupport.java:171)
 - Initializing ExecutorService 'taskScheduler'
2019-07-25 18:04:57.619 [main] INFO  c.s.u.e.Test Caller+0	 at org.springframework.boot.StartupInfoLogger.logStarted(StartupInfoLogger.java:59)
 - Started Test in 6.45 seconds (JVM running for 8.585)
2019-07-25 18:04:58.601 [Thread-2] INFO  o.s.s.c.ThreadPoolTaskScheduler Caller+0	 at org.springframework.scheduling.concurrent.ExecutorConfigurationSupport.shutdown(ExecutorConfigurationSupport.java:208)
 - Shutting down ExecutorService 'taskScheduler'
2019-07-25 18:04:58.604 [Thread-2] INFO  o.s.s.c.ThreadPoolTaskExecutor Caller+0	 at org.springframework.scheduling.concurrent.ExecutorConfigurationSupport.shutdown(ExecutorConfigurationSupport.java:208)
 - Shutting down ExecutorService 'taskExecutor'
