2019-08-02 13:58:15.428 [main] INFO  c.s.u.e.Test Caller+0	 at org.springframework.boot.StartupInfoLogger.logStarting(StartupInfoLogger.java:50)
 - Starting Test on asus with PID 32612 (started by chenmingjian in /home/chenmingjian/workProjects/fengkong-2/poc/source/trunk/springboot-utils)
2019-08-02 13:58:15.435 [main] INFO  c.s.u.e.Test Caller+0	 at org.springframework.boot.SpringApplication.logStartupProfileInfo(SpringApplication.java:675)
 - No active profile set, falling back to default profiles: default
2019-08-02 13:58:18.208 [main] INFO  o.s.c.s.PostProcessorRegistrationDelegate$BeanPostProcessorChecker Caller+0	 at org.springframework.context.support.PostProcessorRegistrationDelegate$BeanPostProcessorChecker.postProcessAfterInitialization(PostProcessorRegistrationDelegate.java:330)
 - Bean 'threadPoolConfig' of type [com.springboot.utils.thread.ThreadPoolConfig] is not eligible for getting processed by all BeanPostProcessors (for example: not eligible for auto-proxying)
2019-08-02 13:58:18.574 [main] INFO  o.s.s.c.ThreadPoolTaskExecutor Caller+0	 at org.springframework.scheduling.concurrent.ExecutorConfigurationSupport.initialize(ExecutorConfigurationSupport.java:171)
 - Initializing ExecutorService 'taskExecutor'
2019-08-02 13:58:20.862 [main] INFO  o.s.s.c.ThreadPoolTaskScheduler Caller+0	 at org.springframework.scheduling.concurrent.ExecutorConfigurationSupport.initialize(ExecutorConfigurationSupport.java:171)
 - Initializing ExecutorService 'taskScheduler'
2019-08-02 13:58:21.053 [main] INFO  c.s.u.e.Test Caller+0	 at org.springframework.boot.StartupInfoLogger.logStarted(StartupInfoLogger.java:59)
 - Started Test in 6.982 seconds (JVM running for 9.959)
2019-08-02 13:58:22.669 [Thread-2] INFO  o.s.s.c.ThreadPoolTaskScheduler Caller+0	 at org.springframework.scheduling.concurrent.ExecutorConfigurationSupport.shutdown(ExecutorConfigurationSupport.java:208)
 - Shutting down ExecutorService 'taskScheduler'
2019-08-02 13:58:22.682 [Thread-2] INFO  o.s.s.c.ThreadPoolTaskExecutor Caller+0	 at org.springframework.scheduling.concurrent.ExecutorConfigurationSupport.shutdown(ExecutorConfigurationSupport.java:208)
 - Shutting down ExecutorService 'taskExecutor'
2019-08-02 19:21:38.379 [main] INFO  c.s.u.e.Test Caller+0	 at org.springframework.boot.StartupInfoLogger.logStarting(StartupInfoLogger.java:50)
 - Starting Test on asus with PID 29365 (started by chenmingjian in /home/chenmingjian/workProjects/fengkong-2/poc/source/trunk/springboot-utils)
2019-08-02 19:21:38.400 [main] INFO  c.s.u.e.Test Caller+0	 at org.springframework.boot.SpringApplication.logStartupProfileInfo(SpringApplication.java:675)
 - No active profile set, falling back to default profiles: default
2019-08-02 19:21:42.369 [main] INFO  o.s.c.s.PostProcessorRegistrationDelegate$BeanPostProcessorChecker Caller+0	 at org.springframework.context.support.PostProcessorRegistrationDelegate$BeanPostProcessorChecker.postProcessAfterInitialization(PostProcessorRegistrationDelegate.java:330)
 - Bean 'threadPoolConfig' of type [com.springboot.utils.thread.ThreadPoolConfig] is not eligible for getting processed by all BeanPostProcessors (for example: not eligible for auto-proxying)
2019-08-02 19:21:42.960 [main] INFO  o.s.s.c.ThreadPoolTaskExecutor Caller+0	 at org.springframework.scheduling.concurrent.ExecutorConfigurationSupport.initialize(ExecutorConfigurationSupport.java:171)
 - Initializing ExecutorService 'taskExecutor'
2019-08-02 19:21:45.986 [main] INFO  o.s.s.c.ThreadPoolTaskScheduler Caller+0	 at org.springframework.scheduling.concurrent.ExecutorConfigurationSupport.initialize(ExecutorConfigurationSupport.java:171)
 - Initializing ExecutorService 'taskScheduler'
2019-08-02 19:21:46.116 [main] INFO  c.s.u.e.Test Caller+0	 at org.springframework.boot.StartupInfoLogger.logStarted(StartupInfoLogger.java:59)
 - Started Test in 9.363 seconds (JVM running for 11.797)
2019-08-02 19:21:47.627 [Thread-2] INFO  o.s.s.c.ThreadPoolTaskScheduler Caller+0	 at org.springframework.scheduling.concurrent.ExecutorConfigurationSupport.shutdown(ExecutorConfigurationSupport.java:208)
 - Shutting down ExecutorService 'taskScheduler'
2019-08-02 19:21:47.628 [Thread-2] INFO  o.s.s.c.ThreadPoolTaskExecutor Caller+0	 at org.springframework.scheduling.concurrent.ExecutorConfigurationSupport.shutdown(ExecutorConfigurationSupport.java:208)
 - Shutting down ExecutorService 'taskExecutor'
2019-08-02 19:21:54.746 [main] INFO  c.s.u.e.Test Caller+0	 at org.springframework.boot.StartupInfoLogger.logStarting(StartupInfoLogger.java:50)
 - Starting Test on asus with PID 29447 (started by chenmingjian in /home/chenmingjian/workProjects/fengkong-2/poc/source/trunk/springboot-utils)
2019-08-02 19:21:54.751 [main] INFO  c.s.u.e.Test Caller+0	 at org.springframework.boot.SpringApplication.logStartupProfileInfo(SpringApplication.java:675)
 - No active profile set, falling back to default profiles: default
2019-08-02 19:21:57.426 [main] INFO  o.s.c.s.PostProcessorRegistrationDelegate$BeanPostProcessorChecker Caller+0	 at org.springframework.context.support.PostProcessorRegistrationDelegate$BeanPostProcessorChecker.postProcessAfterInitialization(PostProcessorRegistrationDelegate.java:330)
 - Bean 'threadPoolConfig' of type [com.springboot.utils.thread.ThreadPoolConfig] is not eligible for getting processed by all BeanPostProcessors (for example: not eligible for auto-proxying)
2019-08-02 19:21:57.963 [main] INFO  o.s.s.c.ThreadPoolTaskExecutor Caller+0	 at org.springframework.scheduling.concurrent.ExecutorConfigurationSupport.initialize(ExecutorConfigurationSupport.java:171)
 - Initializing ExecutorService 'taskExecutor'
2019-08-02 19:22:00.781 [main] INFO  o.s.s.c.ThreadPoolTaskScheduler Caller+0	 at org.springframework.scheduling.concurrent.ExecutorConfigurationSupport.initialize(ExecutorConfigurationSupport.java:171)
 - Initializing ExecutorService 'taskScheduler'
2019-08-02 19:22:00.887 [main] INFO  c.s.u.e.Test Caller+0	 at org.springframework.boot.StartupInfoLogger.logStarted(StartupInfoLogger.java:59)
 - Started Test in 7.556 seconds (JVM running for 9.633)
2019-08-02 19:22:02.540 [Thread-2] INFO  o.s.s.c.ThreadPoolTaskScheduler Caller+0	 at org.springframework.scheduling.concurrent.ExecutorConfigurationSupport.shutdown(ExecutorConfigurationSupport.java:208)
 - Shutting down ExecutorService 'taskScheduler'
2019-08-02 19:22:02.555 [Thread-2] INFO  o.s.s.c.ThreadPoolTaskExecutor Caller+0	 at org.springframework.scheduling.concurrent.ExecutorConfigurationSupport.shutdown(ExecutorConfigurationSupport.java:208)
 - Shutting down ExecutorService 'taskExecutor'
2019-08-02 19:22:47.765 [main] INFO  c.s.u.e.Test Caller+0	 at org.springframework.boot.StartupInfoLogger.logStarting(StartupInfoLogger.java:50)
 - Starting Test on asus with PID 29963 (started by chenmingjian in /home/chenmingjian/workProjects/fengkong-2/poc/source/trunk/springboot-utils)
2019-08-02 19:22:47.795 [main] INFO  c.s.u.e.Test Caller+0	 at org.springframework.boot.SpringApplication.logStartupProfileInfo(SpringApplication.java:675)
 - No active profile set, falling back to default profiles: default
